2024-11-30 05:13:56 [DEBUG] Loading modules from directory: /home/skogix/.config/zsh.d
2024-11-30 05:13:56 [DEBUG] Sourcing file: /home/skogix/.config/zsh.d/alias.zsh
2024-11-30 05:13:56 [DEBUG] Sourcing file: /home/skogix/.config/zsh.d/env.zsh
2024-11-30 05:13:56 [DEBUG] Sourcing file: /home/skogix/.config/zsh.d/path.zsh
2024-11-30 05:13:56 [DEBUG] Sourcing file: /home/skogix/.config/zsh.d/prompt.zsh
2024-11-30 05:13:56 [DEBUG] Sourcing file: /home/skogix/.config/zsh.d/sgpt.zsh
2024-11-30 05:13:56 [DEBUG] Exporting variables from: /home/skogix/.config/zsh.d/skogai.env
2024-11-30 05:16:24 [DEBUG] Loading modules from directory: /home/skogix/.config/zsh.d
2024-11-30 05:16:24 [DEBUG] Sourcing file: /home/skogix/.config/zsh.d/alias.zsh
2024-11-30 05:16:24 [DEBUG] Sourcing file: /home/skogix/.config/zsh.d/env.zsh
2024-11-30 05:16:24 [DEBUG] Sourcing file: /home/skogix/.config/zsh.d/path.zsh
2024-11-30 05:16:24 [DEBUG] Sourcing file: /home/skogix/.config/zsh.d/prompt.zsh
2024-11-30 05:16:24 [DEBUG] Sourcing file: /home/skogix/.config/zsh.d/sgpt.zsh
2024-11-30 05:16:24 [DEBUG] Exporting variables from: /home/skogix/.config/zsh.d/skogai.env
2024-11-30 05:29:02 [DEBUG] Loading modules from directory: /home/skogix/.config/zsh.d
2024-11-30 05:29:02 [DEBUG] Sourcing file: /home/skogix/.config/zsh.d/alias.zsh
2024-11-30 05:29:02 [DEBUG] Sourcing file: /home/skogix/.config/zsh.d/env.zsh
2024-11-30 05:29:02 [DEBUG] Sourcing file: /home/skogix/.config/zsh.d/path.zsh
2024-11-30 05:29:02 [DEBUG] Sourcing file: /home/skogix/.config/zsh.d/prompt.zsh
2024-11-30 05:29:02 [DEBUG] Sourcing file: /home/skogix/.config/zsh.d/sgpt.zsh
2024-11-30 05:29:02 [DEBUG] Exporting variables from: /home/skogix/.config/zsh.d/skogai.env
2024-11-30 05:35:08 [DEBUG] Loading modules from directory: /home/skogix/.config/zsh.d
2024-11-30 05:35:08 [DEBUG] Sourcing file: /home/skogix/.config/zsh.d/alias.zsh
2024-11-30 05:35:08 [DEBUG] Sourcing file: /home/skogix/.config/zsh.d/env.zsh
2024-11-30 05:35:08 [DEBUG] Sourcing file: /home/skogix/.config/zsh.d/path.zsh
2024-11-30 05:35:08 [DEBUG] Sourcing file: /home/skogix/.config/zsh.d/prompt.zsh
2024-11-30 05:35:08 [DEBUG] Sourcing file: /home/skogix/.config/zsh.d/sgpt.zsh
2024-11-30 05:35:08 [DEBUG] Exporting variables from: /home/skogix/.config/zsh.d/skogai.env
2024-11-30 05:38:11 [DEBUG] Loading modules from directory: /home/skogix/.config/zsh.d
2024-11-30 05:38:11 [DEBUG] Sourcing file: /home/skogix/.config/zsh.d/alias.zsh
2024-11-30 05:38:11 [DEBUG] Sourcing file: /home/skogix/.config/zsh.d/env.zsh
2024-11-30 05:38:11 [DEBUG] Sourcing file: /home/skogix/.config/zsh.d/path.zsh
2024-11-30 05:38:11 [DEBUG] Sourcing file: /home/skogix/.config/zsh.d/prompt.zsh
2024-11-30 05:38:11 [DEBUG] Sourcing file: /home/skogix/.config/zsh.d/sgpt.zsh
2024-11-30 05:38:11 [DEBUG] Exporting variables from: /home/skogix/.config/zsh.d/skogai.env
2024-11-30 06:07:20 [DEBUG] Loading modules from directory: /home/skogix/.config/zsh.d
2024-11-30 06:07:20 [DEBUG] Sourcing file: /home/skogix/.config/zsh.d/alias.zsh
2024-11-30 06:07:20 [DEBUG] Sourcing file: /home/skogix/.config/zsh.d/env.zsh
2024-11-30 06:07:20 [DEBUG] Sourcing file: /home/skogix/.config/zsh.d/path.zsh
2024-11-30 06:07:20 [DEBUG] Sourcing file: /home/skogix/.config/zsh.d/prompt.zsh
2024-11-30 06:07:20 [DEBUG] Sourcing file: /home/skogix/.config/zsh.d/sgpt.zsh
2024-11-30 06:07:20 [DEBUG] Exporting variables from: /home/skogix/.config/zsh.d/skogai.env
2024-11-30 06:09:47 [DEBUG] Loading modules from directory: /home/skogix/.config/zsh.d
2024-11-30 06:09:47 [DEBUG] Sourcing file: /home/skogix/.config/zsh.d/alias.zsh
2024-11-30 06:09:47 [DEBUG] Sourcing file: /home/skogix/.config/zsh.d/env.zsh
2024-11-30 06:09:47 [DEBUG] Sourcing file: /home/skogix/.config/zsh.d/path.zsh
2024-11-30 06:09:47 [DEBUG] Sourcing file: /home/skogix/.config/zsh.d/prompt.zsh
2024-11-30 06:09:47 [DEBUG] Sourcing file: /home/skogix/.config/zsh.d/sgpt.zsh
2024-11-30 06:09:47 [DEBUG] Exporting variables from: /home/skogix/.config/zsh.d/skogai.env
2024-11-30 06:29:47 [DEBUG] Loading modules from directory: /home/skogix/.config/zsh.d
2024-11-30 06:29:47 [DEBUG] Sourcing file: /home/skogix/.config/zsh.d/alias.zsh
2024-11-30 06:29:47 [DEBUG] Sourcing file: /home/skogix/.config/zsh.d/env.zsh
2024-11-30 06:29:47 [DEBUG] Sourcing file: /home/skogix/.config/zsh.d/path.zsh
2024-11-30 06:29:47 [DEBUG] Sourcing file: /home/skogix/.config/zsh.d/prompt.zsh
2024-11-30 06:29:47 [DEBUG] Sourcing file: /home/skogix/.config/zsh.d/sgpt.zsh
2024-11-30 06:29:47 [DEBUG] Exporting variables from: /home/skogix/.config/zsh.d/skogai.env
2024-11-30 06:30:54 [DEBUG] Loading modules from directory: /home/skogix/.config/zsh.d
2024-11-30 06:30:54 [DEBUG] Sourcing file: /home/skogix/.config/zsh.d/alias.zsh
2024-11-30 06:30:54 [DEBUG] Sourcing file: /home/skogix/.config/zsh.d/env.zsh
2024-11-30 06:30:54 [DEBUG] Sourcing file: /home/skogix/.config/zsh.d/path.zsh
2024-11-30 06:30:54 [DEBUG] Sourcing file: /home/skogix/.config/zsh.d/prompt.zsh
2024-11-30 06:30:54 [DEBUG] Sourcing file: /home/skogix/.config/zsh.d/sgpt.zsh
2024-11-30 06:30:54 [DEBUG] Exporting variables from: /home/skogix/.config/zsh.d/skogai.env
2024-11-30 06:31:06 [DEBUG] Loading modules from directory: /home/skogix/.config/zsh.d
2024-11-30 06:31:06 [DEBUG] Sourcing file: /home/skogix/.config/zsh.d/alias.zsh
2024-11-30 06:31:06 [DEBUG] Sourcing file: /home/skogix/.config/zsh.d/env.zsh
2024-11-30 06:31:06 [DEBUG] Sourcing file: /home/skogix/.config/zsh.d/path.zsh
2024-11-30 06:31:06 [DEBUG] Sourcing file: /home/skogix/.config/zsh.d/prompt.zsh
2024-11-30 06:31:06 [DEBUG] Sourcing file: /home/skogix/.config/zsh.d/sgpt.zsh
2024-11-30 06:31:06 [DEBUG] Exporting variables from: /home/skogix/.config/zsh.d/skogai.env
2024-11-30 06:31:36 [DEBUG] Loading modules from directory: /home/skogix/.config/zsh.d
2024-11-30 06:31:36 [DEBUG] Sourcing file: /home/skogix/.config/zsh.d/alias.zsh
2024-11-30 06:31:36 [DEBUG] Sourcing file: /home/skogix/.config/zsh.d/env.zsh
2024-11-30 06:31:36 [DEBUG] Sourcing file: /home/skogix/.config/zsh.d/path.zsh
2024-11-30 06:31:36 [DEBUG] Sourcing file: /home/skogix/.config/zsh.d/prompt.zsh
2024-11-30 06:31:36 [DEBUG] Sourcing file: /home/skogix/.config/zsh.d/sgpt.zsh
2024-11-30 06:31:36 [DEBUG] Exporting variables from: /home/skogix/.config/zsh.d/path.env
2024-11-30 06:31:36 [DEBUG] Exporting variables from: /home/skogix/.config/zsh.d/skogai.env
2024-11-30 06:31:46 [DEBUG] Loading modules from directory: /home/skogix/.config/zsh.d
2024-11-30 06:31:46 [DEBUG] Sourcing file: /home/skogix/.config/zsh.d/alias.zsh
2024-11-30 06:31:46 [DEBUG] Sourcing file: /home/skogix/.config/zsh.d/env.zsh
2024-11-30 06:31:46 [DEBUG] Sourcing file: /home/skogix/.config/zsh.d/path.zsh
2024-11-30 06:31:46 [DEBUG] Sourcing file: /home/skogix/.config/zsh.d/prompt.zsh
2024-11-30 06:31:46 [DEBUG] Sourcing file: /home/skogix/.config/zsh.d/sgpt.zsh
2024-11-30 06:31:46 [DEBUG] Exporting variables from: /home/skogix/.config/zsh.d/path.env
2024-11-30 06:31:46 [DEBUG] Exporting variables from: /home/skogix/.config/zsh.d/skogai.env
2024-11-30 06:31:51 [DEBUG] Loading modules from directory: /home/skogix/.config/zsh.d
2024-11-30 06:31:51 [DEBUG] Sourcing file: /home/skogix/.config/zsh.d/alias.zsh
2024-11-30 06:31:51 [DEBUG] Sourcing file: /home/skogix/.config/zsh.d/env.zsh
2024-11-30 06:31:51 [DEBUG] Sourcing file: /home/skogix/.config/zsh.d/path.zsh
2024-11-30 06:31:51 [DEBUG] Sourcing file: /home/skogix/.config/zsh.d/prompt.zsh
2024-11-30 06:31:51 [DEBUG] Sourcing file: /home/skogix/.config/zsh.d/sgpt.zsh
2024-11-30 06:31:51 [DEBUG] Exporting variables from: /home/skogix/.config/zsh.d/path.env
2024-11-30 06:31:51 [DEBUG] Exporting variables from: /home/skogix/.config/zsh.d/skogai.env
2024-11-30 06:31:52 [DEBUG] Loading modules from directory: /home/skogix/.config/zsh.d
2024-11-30 06:31:52 [DEBUG] Sourcing file: /home/skogix/.config/zsh.d/alias.zsh
2024-11-30 06:31:52 [DEBUG] Sourcing file: /home/skogix/.config/zsh.d/env.zsh
2024-11-30 06:31:52 [DEBUG] Sourcing file: /home/skogix/.config/zsh.d/path.zsh
2024-11-30 06:31:52 [DEBUG] Sourcing file: /home/skogix/.config/zsh.d/prompt.zsh
2024-11-30 06:31:52 [DEBUG] Sourcing file: /home/skogix/.config/zsh.d/sgpt.zsh
2024-11-30 06:31:52 [DEBUG] Exporting variables from: /home/skogix/.config/zsh.d/path.env
2024-11-30 06:31:52 [DEBUG] Exporting variables from: /home/skogix/.config/zsh.d/skogai.env
2024-11-30 06:31:58 [DEBUG] Loading modules from directory: /home/skogix/.config/zsh.d
2024-11-30 06:31:58 [DEBUG] Sourcing file: /home/skogix/.config/zsh.d/alias.zsh
2024-11-30 06:31:58 [DEBUG] Sourcing file: /home/skogix/.config/zsh.d/env.zsh
2024-11-30 06:31:58 [DEBUG] Sourcing file: /home/skogix/.config/zsh.d/path.zsh
2024-11-30 06:31:58 [DEBUG] Sourcing file: /home/skogix/.config/zsh.d/prompt.zsh
2024-11-30 06:31:58 [DEBUG] Sourcing file: /home/skogix/.config/zsh.d/sgpt.zsh
2024-11-30 06:31:58 [DEBUG] Exporting variables from: /home/skogix/.config/zsh.d/path.env
2024-11-30 06:31:58 [DEBUG] Exporting variables from: /home/skogix/.config/zsh.d/skogai.env
2024-11-30 06:32:00 [DEBUG] Loading modules from directory: /home/skogix/.config/zsh.d
2024-11-30 06:32:00 [DEBUG] Sourcing file: /home/skogix/.config/zsh.d/alias.zsh
2024-11-30 06:32:00 [DEBUG] Sourcing file: /home/skogix/.config/zsh.d/env.zsh
2024-11-30 06:32:00 [DEBUG] Sourcing file: /home/skogix/.config/zsh.d/path.zsh
2024-11-30 06:32:00 [DEBUG] Sourcing file: /home/skogix/.config/zsh.d/prompt.zsh
2024-11-30 06:32:00 [DEBUG] Sourcing file: /home/skogix/.config/zsh.d/sgpt.zsh
2024-11-30 06:32:00 [DEBUG] Exporting variables from: /home/skogix/.config/zsh.d/path.env
2024-11-30 06:32:00 [DEBUG] Exporting variables from: /home/skogix/.config/zsh.d/skogai.env
2024-11-30 06:32:21 [DEBUG] Loading modules from directory: /home/skogix/.config/zsh.d
2024-11-30 06:32:21 [DEBUG] Sourcing file: /home/skogix/.config/zsh.d/alias.zsh
2024-11-30 06:32:21 [DEBUG] Sourcing file: /home/skogix/.config/zsh.d/env.zsh
2024-11-30 06:32:21 [DEBUG] Sourcing file: /home/skogix/.config/zsh.d/path.zsh
2024-11-30 06:32:21 [DEBUG] Sourcing file: /home/skogix/.config/zsh.d/prompt.zsh
2024-11-30 06:32:21 [DEBUG] Sourcing file: /home/skogix/.config/zsh.d/sgpt.zsh
2024-11-30 06:32:21 [DEBUG] Exporting variables from: /home/skogix/.config/zsh.d/path.env
2024-11-30 06:32:21 [DEBUG] Exporting variables from: /home/skogix/.config/zsh.d/skogai.env
2024-11-30 06:32:28 [DEBUG] Loading modules from directory: /home/skogix/.config/zsh.d
2024-11-30 06:32:28 [DEBUG] Sourcing file: /home/skogix/.config/zsh.d/alias.zsh
2024-11-30 06:32:28 [DEBUG] Sourcing file: /home/skogix/.config/zsh.d/env.zsh
2024-11-30 06:32:28 [DEBUG] Sourcing file: /home/skogix/.config/zsh.d/path.zsh
2024-11-30 06:32:28 [DEBUG] Sourcing file: /home/skogix/.config/zsh.d/prompt.zsh
2024-11-30 06:32:28 [DEBUG] Sourcing file: /home/skogix/.config/zsh.d/sgpt.zsh
2024-11-30 06:32:28 [DEBUG] Exporting variables from: /home/skogix/.config/zsh.d/path.env
2024-11-30 06:32:28 [DEBUG] Exporting variables from: /home/skogix/.config/zsh.d/skogai.env
2024-11-30 06:34:27 [DEBUG] Loading modules from directory: /home/skogix/.config/zsh.d
2024-11-30 06:34:27 [DEBUG] Sourcing file: /home/skogix/.config/zsh.d/alias.zsh
2024-11-30 06:34:27 [DEBUG] Sourcing file: /home/skogix/.config/zsh.d/env.zsh
2024-11-30 06:34:27 [DEBUG] Sourcing file: /home/skogix/.config/zsh.d/path.zsh
2024-11-30 06:34:27 [DEBUG] Sourcing file: /home/skogix/.config/zsh.d/prompt.zsh
2024-11-30 06:34:27 [DEBUG] Sourcing file: /home/skogix/.config/zsh.d/sgpt.zsh
2024-11-30 06:34:27 [DEBUG] Exporting variables from: /home/skogix/.config/zsh.d/path.env
2024-11-30 06:34:27 [DEBUG] Exporting variables from: /home/skogix/.config/zsh.d/skogai.env
2024-11-30 08:28:13 [DEBUG] Loading modules from directory: /home/skogix/.config/zsh.d
2024-11-30 08:28:13 [DEBUG] Sourcing file: /home/skogix/.config/zsh.d/alias.zsh
2024-11-30 08:28:13 [DEBUG] Sourcing file: /home/skogix/.config/zsh.d/env.zsh
2024-11-30 08:28:13 [DEBUG] Sourcing file: /home/skogix/.config/zsh.d/path.zsh
2024-11-30 08:28:13 [DEBUG] Sourcing file: /home/skogix/.config/zsh.d/prompt.zsh
2024-11-30 08:28:13 [DEBUG] Sourcing file: /home/skogix/.config/zsh.d/sgpt.zsh
2024-11-30 08:28:13 [DEBUG] Exporting variables from: /home/skogix/.config/zsh.d/path.env
2024-11-30 08:28:13 [DEBUG] Exporting variables from: /home/skogix/.config/zsh.d/skogai.env
2024-11-30 08:33:15 [DEBUG] Loading modules from directory: /home/skogix/.config/zsh.d
2024-11-30 08:33:15 [DEBUG] Sourcing file: /home/skogix/.config/zsh.d/alias.zsh
2024-11-30 08:33:15 [DEBUG] Sourcing file: /home/skogix/.config/zsh.d/env.zsh
2024-11-30 08:33:15 [DEBUG] Sourcing file: /home/skogix/.config/zsh.d/path.zsh
2024-11-30 08:33:15 [DEBUG] Sourcing file: /home/skogix/.config/zsh.d/prompt.zsh
2024-11-30 08:33:15 [DEBUG] Sourcing file: /home/skogix/.config/zsh.d/sgpt.zsh
2024-11-30 08:33:15 [DEBUG] Exporting variables from: /home/skogix/.config/zsh.d/path.env
2024-11-30 08:33:15 [DEBUG] Exporting variables from: /home/skogix/.config/zsh.d/skogai.env
2024-11-30 08:33:44 [DEBUG] Loading modules from directory: /home/skogix/.config/zsh.d
2024-11-30 08:33:44 [DEBUG] Sourcing file: /home/skogix/.config/zsh.d/alias.zsh
2024-11-30 08:33:44 [DEBUG] Sourcing file: /home/skogix/.config/zsh.d/env.zsh
2024-11-30 08:33:44 [DEBUG] Sourcing file: /home/skogix/.config/zsh.d/path.zsh
2024-11-30 08:33:44 [DEBUG] Sourcing file: /home/skogix/.config/zsh.d/prompt.zsh
2024-11-30 08:33:44 [DEBUG] Sourcing file: /home/skogix/.config/zsh.d/sgpt.zsh
2024-11-30 08:33:44 [DEBUG] Exporting variables from: /home/skogix/.config/zsh.d/path.env
2024-11-30 08:33:44 [DEBUG] Exporting variables from: /home/skogix/.config/zsh.d/skogai.env
2024-11-30 08:34:25 [DEBUG] Loading modules from directory: /home/skogix/.config/zsh.d
2024-11-30 08:34:25 [DEBUG] Sourcing file: /home/skogix/.config/zsh.d/alias.zsh
2024-11-30 08:34:25 [DEBUG] Sourcing file: /home/skogix/.config/zsh.d/env.zsh
2024-11-30 08:34:25 [DEBUG] Sourcing file: /home/skogix/.config/zsh.d/path.zsh
2024-11-30 08:34:25 [DEBUG] Sourcing file: /home/skogix/.config/zsh.d/prompt.zsh
2024-11-30 08:34:25 [DEBUG] Sourcing file: /home/skogix/.config/zsh.d/sgpt.zsh
2024-11-30 08:34:25 [DEBUG] Exporting variables from: /home/skogix/.config/zsh.d/path.env
2024-11-30 08:34:25 [DEBUG] Exporting variables from: /home/skogix/.config/zsh.d/skogai.env
2024-11-30 08:34:32 [DEBUG] Loading modules from directory: /home/skogix/.config/zsh.d
2024-11-30 08:34:32 [DEBUG] Sourcing file: /home/skogix/.config/zsh.d/alias.zsh
2024-11-30 08:34:32 [DEBUG] Sourcing file: /home/skogix/.config/zsh.d/env.zsh
2024-11-30 08:34:32 [DEBUG] Sourcing file: /home/skogix/.config/zsh.d/path.zsh
2024-11-30 08:34:32 [DEBUG] Sourcing file: /home/skogix/.config/zsh.d/prompt.zsh
2024-11-30 08:34:32 [DEBUG] Sourcing file: /home/skogix/.config/zsh.d/sgpt.zsh
2024-11-30 08:34:32 [DEBUG] Exporting variables from: /home/skogix/.config/zsh.d/path.env
2024-11-30 08:34:32 [DEBUG] Exporting variables from: /home/skogix/.config/zsh.d/skogai.env
2024-11-30 08:39:11 [DEBUG] Loading modules from directory: /home/skogix/.config/zsh.d
2024-11-30 08:39:11 [DEBUG] Sourcing file: /home/skogix/.config/zsh.d/alias.zsh
2024-11-30 08:39:11 [DEBUG] Sourcing file: /home/skogix/.config/zsh.d/env.zsh
2024-11-30 08:39:11 [DEBUG] Sourcing file: /home/skogix/.config/zsh.d/path.zsh
2024-11-30 08:39:11 [DEBUG] Sourcing file: /home/skogix/.config/zsh.d/prompt.zsh
2024-11-30 08:39:11 [DEBUG] Sourcing file: /home/skogix/.config/zsh.d/sgpt.zsh
2024-11-30 08:39:11 [DEBUG] Exporting variables from: /home/skogix/.config/zsh.d/path.env
2024-11-30 08:39:11 [DEBUG] Exporting variables from: /home/skogix/.config/zsh.d/skogai.env
2024-11-30 08:41:07 [DEBUG] Loading modules from directory: /home/skogix/.config/zsh.d
2024-11-30 08:41:07 [DEBUG] Sourcing file: /home/skogix/.config/zsh.d/02-path.zsh
2024-11-30 08:41:07 [DEBUG] Sourcing file: /home/skogix/.config/zsh.d/20-secrets.zsh
2024-11-30 08:41:07 [DEBUG] Sourcing file: /home/skogix/.config/zsh.d/40-sgpt.zsh
2024-11-30 08:41:07 [DEBUG] Sourcing file: /home/skogix/.config/zsh.d/50-alias.zsh
2024-11-30 08:41:07 [DEBUG] Sourcing file: /home/skogix/.config/zsh.d/90-example-prompt.zsh
2024-11-30 08:41:07 [DEBUG] Exporting variables from: /home/skogix/.config/zsh.d/00-skogai.env
2024-11-30 08:41:07 [DEBUG] Exporting variables from: /home/skogix/.config/zsh.d/01-path.env
2024-11-30 08:41:20 [DEBUG] Loading modules from directory: /home/skogix/.config/zsh.d
2024-11-30 08:41:20 [DEBUG] Sourcing file: /home/skogix/.config/zsh.d/02-path.zsh
2024-11-30 08:41:20 [DEBUG] Sourcing file: /home/skogix/.config/zsh.d/20-secrets.zsh
2024-11-30 08:41:20 [DEBUG] Sourcing file: /home/skogix/.config/zsh.d/40-sgpt.zsh
2024-11-30 08:41:20 [DEBUG] Sourcing file: /home/skogix/.config/zsh.d/50-alias.zsh
2024-11-30 08:41:20 [DEBUG] Sourcing file: /home/skogix/.config/zsh.d/90-example-prompt.zsh
2024-11-30 08:41:21 [DEBUG] Exporting variables from: /home/skogix/.config/zsh.d/00-skogai.env
2024-11-30 08:41:21 [DEBUG] Exporting variables from: /home/skogix/.config/zsh.d/01-path.env
2024-11-30 08:41:26 [DEBUG] Loading modules from directory: /home/skogix/.config/zsh.d
2024-11-30 08:41:26 [DEBUG] Sourcing file: /home/skogix/.config/zsh.d/02-path.zsh
2024-11-30 08:41:26 [DEBUG] Sourcing file: /home/skogix/.config/zsh.d/20-secrets.zsh
2024-11-30 08:41:26 [DEBUG] Sourcing file: /home/skogix/.config/zsh.d/40-sgpt.zsh
2024-11-30 08:41:26 [DEBUG] Sourcing file: /home/skogix/.config/zsh.d/50-alias.zsh
2024-11-30 08:41:26 [DEBUG] Sourcing file: /home/skogix/.config/zsh.d/90-example-prompt.zsh
2024-11-30 08:41:26 [DEBUG] Exporting variables from: /home/skogix/.config/zsh.d/00-skogai.env
2024-11-30 08:41:26 [DEBUG] Exporting variables from: /home/skogix/.config/zsh.d/01-path.env
2024-11-30 08:46:59 [DEBUG] Loading modules from directory: /home/skogix/.config/zsh.d
2024-11-30 08:46:59 [DEBUG] Sourcing file: /home/skogix/.config/zsh.d/02-path.zsh
2024-11-30 08:46:59 [DEBUG] Sourcing file: /home/skogix/.config/zsh.d/20-secrets.zsh
2024-11-30 08:46:59 [DEBUG] Sourcing file: /home/skogix/.config/zsh.d/40-sgpt.zsh
2024-11-30 08:46:59 [DEBUG] Sourcing file: /home/skogix/.config/zsh.d/50-alias.zsh
2024-11-30 08:47:00 [DEBUG] Sourcing file: /home/skogix/.config/zsh.d/90-example-prompt.zsh
2024-11-30 08:47:00 [DEBUG] Exporting variables from: /home/skogix/.config/zsh.d/00-skogai.env
2024-11-30 08:47:00 [DEBUG] Exporting variables from: /home/skogix/.config/zsh.d/01-path.env
2024-11-30 08:47:00 [DEBUG] Loading modules from directory: /home/skogix/.config/zsh.d
2024-11-30 08:47:00 [DEBUG] Sourcing file: /home/skogix/.config/zsh.d/02-path.zsh
2024-11-30 08:47:00 [DEBUG] Sourcing file: /home/skogix/.config/zsh.d/20-secrets.zsh
2024-11-30 08:47:00 [DEBUG] Sourcing file: /home/skogix/.config/zsh.d/40-sgpt.zsh
2024-11-30 08:47:00 [DEBUG] Sourcing file: /home/skogix/.config/zsh.d/50-alias.zsh
2024-11-30 08:47:00 [DEBUG] Sourcing file: /home/skogix/.config/zsh.d/90-example-prompt.zsh
2024-11-30 08:47:00 [DEBUG] Exporting variables from: /home/skogix/.config/zsh.d/00-skogai.env
2024-11-30 08:47:00 [DEBUG] Exporting variables from: /home/skogix/.config/zsh.d/01-path.env
2024-11-30 08:47:00 [DEBUG] Loading modules from directory: /home/skogix/.config/zsh.d
2024-11-30 08:47:00 [DEBUG] Sourcing file: /home/skogix/.config/zsh.d/02-path.zsh
2024-11-30 08:47:00 [DEBUG] Sourcing file: /home/skogix/.config/zsh.d/20-secrets.zsh
2024-11-30 08:47:00 [DEBUG] Sourcing file: /home/skogix/.config/zsh.d/40-sgpt.zsh
2024-11-30 08:47:00 [DEBUG] Sourcing file: /home/skogix/.config/zsh.d/50-alias.zsh
2024-11-30 08:47:00 [DEBUG] Sourcing file: /home/skogix/.config/zsh.d/90-example-prompt.zsh
2024-11-30 08:47:00 [DEBUG] Exporting variables from: /home/skogix/.config/zsh.d/00-skogai.env
2024-11-30 08:47:00 [DEBUG] Exporting variables from: /home/skogix/.config/zsh.d/01-path.env
2024-11-30 08:47:00 [DEBUG] Loading modules from directory: /home/skogix/.config/zsh.d
2024-11-30 08:47:00 [DEBUG] Sourcing file: /home/skogix/.config/zsh.d/02-path.zsh
2024-11-30 08:47:00 [DEBUG] Sourcing file: /home/skogix/.config/zsh.d/20-secrets.zsh
2024-11-30 08:47:00 [DEBUG] Sourcing file: /home/skogix/.config/zsh.d/40-sgpt.zsh
2024-11-30 08:47:00 [DEBUG] Sourcing file: /home/skogix/.config/zsh.d/50-alias.zsh
2024-11-30 08:47:00 [DEBUG] Sourcing file: /home/skogix/.config/zsh.d/90-example-prompt.zsh
2024-11-30 08:47:00 [DEBUG] Exporting variables from: /home/skogix/.config/zsh.d/00-skogai.env
2024-11-30 08:47:00 [DEBUG] Exporting variables from: /home/skogix/.config/zsh.d/01-path.env
2024-11-30 08:47:00 [DEBUG] Loading modules from directory: /home/skogix/.config/zsh.d
2024-11-30 08:47:00 [DEBUG] Sourcing file: /home/skogix/.config/zsh.d/02-path.zsh
2024-11-30 08:47:00 [DEBUG] Sourcing file: /home/skogix/.config/zsh.d/20-secrets.zsh
2024-11-30 08:47:00 [DEBUG] Sourcing file: /home/skogix/.config/zsh.d/40-sgpt.zsh
2024-11-30 08:47:00 [DEBUG] Sourcing file: /home/skogix/.config/zsh.d/50-alias.zsh
2024-11-30 08:47:00 [DEBUG] Sourcing file: /home/skogix/.config/zsh.d/90-example-prompt.zsh
2024-11-30 08:47:00 [DEBUG] Exporting variables from: /home/skogix/.config/zsh.d/00-skogai.env
2024-11-30 08:47:00 [DEBUG] Exporting variables from: /home/skogix/.config/zsh.d/01-path.env
2024-11-30 08:48:23 [DEBUG] Loading modules from directory: /home/skogix/.config/zsh.d
2024-11-30 08:48:23 [DEBUG] Sourcing file: /home/skogix/.config/zsh.d/02-path.zsh
2024-11-30 08:48:23 [DEBUG] Sourcing file: /home/skogix/.config/zsh.d/20-secrets.zsh
2024-11-30 08:48:23 [DEBUG] Sourcing file: /home/skogix/.config/zsh.d/40-sgpt.zsh
2024-11-30 08:48:23 [DEBUG] Sourcing file: /home/skogix/.config/zsh.d/50-alias.zsh
2024-11-30 08:48:23 [DEBUG] Sourcing file: /home/skogix/.config/zsh.d/90-example-prompt.zsh
2024-11-30 08:48:23 [DEBUG] Exporting variables from: /home/skogix/.config/zsh.d/00-skogai.env
2024-11-30 08:48:23 [DEBUG] Exporting variables from: /home/skogix/.config/zsh.d/01-path.env
2024-11-30 08:58:44 [DEBUG] Loading modules from directory: /home/skogix/.config/zsh.d
2024-11-30 08:58:44 [DEBUG] Sourcing file: /home/skogix/.config/zsh.d/02-path.zsh
2024-11-30 08:58:44 [DEBUG] Sourcing file: /home/skogix/.config/zsh.d/20-secrets.zsh
2024-11-30 08:58:44 [DEBUG] Sourcing file: /home/skogix/.config/zsh.d/40-sgpt.zsh
2024-11-30 08:58:44 [DEBUG] Sourcing file: /home/skogix/.config/zsh.d/50-alias.zsh
2024-11-30 08:58:44 [DEBUG] Sourcing file: /home/skogix/.config/zsh.d/90-example-prompt.zsh
2024-11-30 08:58:44 [DEBUG] Exporting variables from: /home/skogix/.config/zsh.d/00-skogai.env
2024-11-30 08:58:44 [DEBUG] Exporting variables from: /home/skogix/.config/zsh.d/01-path.env
2024-11-30 08:59:10 [DEBUG] Loading modules from directory: /home/skogix/.config/zsh.d
2024-11-30 08:59:10 [DEBUG] Sourcing file: /home/skogix/.config/zsh.d/02-path.zsh
2024-11-30 08:59:10 [DEBUG] Sourcing file: /home/skogix/.config/zsh.d/20-secrets.zsh
2024-11-30 08:59:10 [DEBUG] Sourcing file: /home/skogix/.config/zsh.d/40-sgpt.zsh
2024-11-30 08:59:10 [DEBUG] Sourcing file: /home/skogix/.config/zsh.d/50-alias.zsh
2024-11-30 08:59:10 [DEBUG] Sourcing file: /home/skogix/.config/zsh.d/90-example-prompt.zsh
2024-11-30 08:59:10 [DEBUG] Exporting variables from: /home/skogix/.config/zsh.d/00-skogai.env
2024-11-30 08:59:10 [DEBUG] Exporting variables from: /home/skogix/.config/zsh.d/01-path.env
2024-11-30 09:04:23 [DEBUG] Loading modules from directory: /home/skogix/.config/zsh.d
2024-11-30 09:04:23 [DEBUG] Sourcing file: /home/skogix/.config/zsh.d/02-path.zsh
2024-11-30 09:04:23 [DEBUG] Sourcing file: /home/skogix/.config/zsh.d/20-secrets.zsh
2024-11-30 09:04:23 [DEBUG] Sourcing file: /home/skogix/.config/zsh.d/40-sgpt.zsh
2024-11-30 09:04:23 [DEBUG] Sourcing file: /home/skogix/.config/zsh.d/50-alias.zsh
2024-11-30 09:04:23 [DEBUG] Sourcing file: /home/skogix/.config/zsh.d/90-example-prompt.zsh
2024-11-30 09:04:23 [DEBUG] Exporting variables from: /home/skogix/.config/zsh.d/00-skogai.env
2024-11-30 09:04:23 [DEBUG] Exporting variables from: /home/skogix/.config/zsh.d/01-path.env
2024-11-30 09:06:14 [DEBUG] Loading modules from directory: /home/skogix/.config/zsh.d
2024-11-30 09:06:14 [DEBUG] Sourcing file: /home/skogix/.config/zsh.d/02-path.zsh
2024-11-30 09:06:14 [DEBUG] Sourcing file: /home/skogix/.config/zsh.d/20-secrets.zsh
2024-11-30 09:06:14 [DEBUG] Sourcing file: /home/skogix/.config/zsh.d/40-sgpt.zsh
2024-11-30 09:06:14 [DEBUG] Sourcing file: /home/skogix/.config/zsh.d/50-alias.zsh
2024-11-30 09:06:14 [DEBUG] Sourcing file: /home/skogix/.config/zsh.d/80-argc-completions.zsh
2024-11-30 09:06:14 [DEBUG] Sourcing file: /home/skogix/.config/zsh.d/90-example-prompt.zsh
2024-11-30 09:06:14 [DEBUG] Exporting variables from: /home/skogix/.config/zsh.d/00-skogai.env
2024-11-30 09:06:14 [DEBUG] Exporting variables from: /home/skogix/.config/zsh.d/01-path.env
2024-11-30 09:06:42 [DEBUG] Loading modules from directory: /home/skogix/.config/zsh.d
2024-11-30 09:06:42 [DEBUG] Sourcing file: /home/skogix/.config/zsh.d/02-path.zsh
2024-11-30 09:06:42 [DEBUG] Sourcing file: /home/skogix/.config/zsh.d/20-secrets.zsh
2024-11-30 09:06:42 [DEBUG] Sourcing file: /home/skogix/.config/zsh.d/40-sgpt.zsh
2024-11-30 09:06:42 [DEBUG] Sourcing file: /home/skogix/.config/zsh.d/50-alias.zsh
2024-11-30 09:06:42 [DEBUG] Sourcing file: /home/skogix/.config/zsh.d/80-argc-completions.zsh
2024-11-30 09:06:42 [DEBUG] Sourcing file: /home/skogix/.config/zsh.d/90-example-prompt.zsh
2024-11-30 09:06:42 [DEBUG] Exporting variables from: /home/skogix/.config/zsh.d/00-skogai.env
2024-11-30 09:06:42 [DEBUG] Exporting variables from: /home/skogix/.config/zsh.d/01-path.env
2024-11-30 09:07:54 [DEBUG] Loading modules from directory: /home/skogix/.config/zsh.d
2024-11-30 09:07:54 [DEBUG] Sourcing file: /home/skogix/.config/zsh.d/02-path.zsh
2024-11-30 09:07:54 [DEBUG] Sourcing file: /home/skogix/.config/zsh.d/20-secrets.zsh
2024-11-30 09:07:54 [DEBUG] Sourcing file: /home/skogix/.config/zsh.d/40-sgpt.zsh
2024-11-30 09:07:54 [DEBUG] Sourcing file: /home/skogix/.config/zsh.d/50-alias.zsh
2024-11-30 09:07:54 [DEBUG] Sourcing file: /home/skogix/.config/zsh.d/80-argc-completions.zsh
2024-11-30 09:07:54 [DEBUG] Sourcing file: /home/skogix/.config/zsh.d/90-example-prompt.zsh
2024-11-30 09:07:54 [DEBUG] Exporting variables from: /home/skogix/.config/zsh.d/00-skogai.env
2024-11-30 09:07:54 [DEBUG] Exporting variables from: /home/skogix/.config/zsh.d/01-path.env
2024-11-30 09:07:54 [DEBUG] Exporting variables from: /home/skogix/.config/zsh.d/81-argc-completions.env
2024-11-30 09:08:05 [DEBUG] Loading modules from directory: /home/skogix/.config/zsh.d
2024-11-30 09:08:05 [DEBUG] Sourcing file: /home/skogix/.config/zsh.d/02-path.zsh
2024-11-30 09:08:05 [DEBUG] Sourcing file: /home/skogix/.config/zsh.d/20-secrets.zsh
2024-11-30 09:08:05 [DEBUG] Sourcing file: /home/skogix/.config/zsh.d/40-sgpt.zsh
2024-11-30 09:08:05 [DEBUG] Sourcing file: /home/skogix/.config/zsh.d/50-alias.zsh
2024-11-30 09:08:05 [DEBUG] Sourcing file: /home/skogix/.config/zsh.d/80-argc-completions.zsh
2024-11-30 09:08:05 [DEBUG] Sourcing file: /home/skogix/.config/zsh.d/90-example-prompt.zsh
2024-11-30 09:08:05 [DEBUG] Exporting variables from: /home/skogix/.config/zsh.d/00-skogai.env
2024-11-30 09:08:05 [DEBUG] Exporting variables from: /home/skogix/.config/zsh.d/01-path.env
2024-11-30 09:08:05 [DEBUG] Exporting variables from: /home/skogix/.config/zsh.d/81-argc-completions.env
2024-11-30 09:08:13 [DEBUG] Loading modules from directory: /home/skogix/.config/zsh.d
2024-11-30 09:08:13 [DEBUG] Sourcing file: /home/skogix/.config/zsh.d/02-path.zsh
2024-11-30 09:08:13 [DEBUG] Sourcing file: /home/skogix/.config/zsh.d/20-secrets.zsh
2024-11-30 09:08:13 [DEBUG] Sourcing file: /home/skogix/.config/zsh.d/40-sgpt.zsh
2024-11-30 09:08:13 [DEBUG] Sourcing file: /home/skogix/.config/zsh.d/50-alias.zsh
2024-11-30 09:08:13 [DEBUG] Sourcing file: /home/skogix/.config/zsh.d/80-argc-completions.zsh
2024-11-30 09:08:13 [DEBUG] Sourcing file: /home/skogix/.config/zsh.d/90-example-prompt.zsh
2024-11-30 09:08:13 [DEBUG] Exporting variables from: /home/skogix/.config/zsh.d/00-skogai.env
2024-11-30 09:08:13 [DEBUG] Exporting variables from: /home/skogix/.config/zsh.d/01-path.env
2024-11-30 09:08:13 [DEBUG] Exporting variables from: /home/skogix/.config/zsh.d/81-argc-completions.env
2024-11-30 09:08:28 [DEBUG] Loading modules from directory: /home/skogix/.config/zsh.d
2024-11-30 09:08:28 [DEBUG] Sourcing file: /home/skogix/.config/zsh.d/02-path.zsh
2024-11-30 09:08:28 [DEBUG] Sourcing file: /home/skogix/.config/zsh.d/20-secrets.zsh
2024-11-30 09:08:28 [DEBUG] Sourcing file: /home/skogix/.config/zsh.d/40-sgpt.zsh
2024-11-30 09:08:28 [DEBUG] Sourcing file: /home/skogix/.config/zsh.d/50-alias.zsh
2024-11-30 09:08:28 [DEBUG] Sourcing file: /home/skogix/.config/zsh.d/80-argc-completions.zsh
2024-11-30 09:08:28 [DEBUG] Sourcing file: /home/skogix/.config/zsh.d/90-example-prompt.zsh
2024-11-30 09:08:28 [DEBUG] Exporting variables from: /home/skogix/.config/zsh.d/00-skogai.env
2024-11-30 09:08:28 [DEBUG] Exporting variables from: /home/skogix/.config/zsh.d/01-path.env
2024-11-30 09:08:28 [DEBUG] Exporting variables from: /home/skogix/.config/zsh.d/81-argc-completions.env
2024-11-30 09:12:36 [DEBUG] Loading modules from directory: /home/skogix/.config/zsh.d
2024-11-30 09:12:36 [DEBUG] Sourcing file: /home/skogix/.config/zsh.d/02-path.zsh
2024-11-30 09:12:36 [DEBUG] Sourcing file: /home/skogix/.config/zsh.d/20-secrets.zsh
2024-11-30 09:12:36 [DEBUG] Sourcing file: /home/skogix/.config/zsh.d/40-sgpt.zsh
2024-11-30 09:12:36 [DEBUG] Sourcing file: /home/skogix/.config/zsh.d/50-alias.zsh
2024-11-30 09:12:36 [DEBUG] Sourcing file: /home/skogix/.config/zsh.d/80-argc-completions.zsh
2024-11-30 09:12:36 [DEBUG] Sourcing file: /home/skogix/.config/zsh.d/90-example-prompt.zsh
2024-11-30 09:12:36 [DEBUG] Exporting variables from: /home/skogix/.config/zsh.d/00-skogai.env
2024-11-30 09:12:36 [DEBUG] Exporting variables from: /home/skogix/.config/zsh.d/01-path.env
2024-11-30 09:12:36 [DEBUG] Exporting variables from: /home/skogix/.config/zsh.d/81-argc-completions.env
2024-11-30 09:13:54 [DEBUG] Loading modules from directory: /home/skogix/.config/zsh.d
2024-11-30 09:13:54 [DEBUG] Sourcing file: /home/skogix/.config/zsh.d/02-path.zsh
2024-11-30 09:13:54 [DEBUG] Sourcing file: /home/skogix/.config/zsh.d/20-secrets.zsh
2024-11-30 09:13:54 [DEBUG] Sourcing file: /home/skogix/.config/zsh.d/40-sgpt.zsh
2024-11-30 09:13:54 [DEBUG] Sourcing file: /home/skogix/.config/zsh.d/50-alias.zsh
2024-11-30 09:13:54 [DEBUG] Sourcing file: /home/skogix/.config/zsh.d/80-argc-completions.zsh
2024-11-30 09:13:54 [DEBUG] Sourcing file: /home/skogix/.config/zsh.d/90-example-prompt.zsh
2024-11-30 09:13:54 [DEBUG] Exporting variables from: /home/skogix/.config/zsh.d/00-skogai.env
2024-11-30 09:13:54 [DEBUG] Exporting variables from: /home/skogix/.config/zsh.d/01-path.env
2024-11-30 09:13:54 [DEBUG] Exporting variables from: /home/skogix/.config/zsh.d/81-argc-completions.env
2024-11-30 09:21:33 [DEBUG] Loading modules from directory: /home/skogix/.config/zsh.d
2024-11-30 09:21:33 [DEBUG] Sourcing file: /home/skogix/.config/zsh.d/02-path.zsh
2024-11-30 09:21:33 [DEBUG] Sourcing file: /home/skogix/.config/zsh.d/20-secrets.zsh
2024-11-30 09:21:33 [DEBUG] Sourcing file: /home/skogix/.config/zsh.d/40-sgpt.zsh
2024-11-30 09:21:33 [DEBUG] Sourcing file: /home/skogix/.config/zsh.d/50-alias.zsh
2024-11-30 09:21:33 [DEBUG] Sourcing file: /home/skogix/.config/zsh.d/80-argc-completions.zsh
2024-11-30 09:21:33 [DEBUG] Sourcing file: /home/skogix/.config/zsh.d/90-example-prompt.zsh
2024-11-30 09:21:33 [DEBUG] Exporting variables from: /home/skogix/.config/zsh.d/00-skogai.env
2024-11-30 09:21:33 [DEBUG] Exporting variables from: /home/skogix/.config/zsh.d/01-path.env
2024-11-30 09:21:33 [DEBUG] Exporting variables from: /home/skogix/.config/zsh.d/81-argc-completions.env
2024-11-30 09:21:38 [DEBUG] Loading modules from directory: /home/skogix/.config/zsh.d
2024-11-30 09:21:38 [DEBUG] Sourcing file: /home/skogix/.config/zsh.d/02-path.zsh
2024-11-30 09:21:38 [DEBUG] Sourcing file: /home/skogix/.config/zsh.d/20-secrets.zsh
2024-11-30 09:21:38 [DEBUG] Sourcing file: /home/skogix/.config/zsh.d/40-sgpt.zsh
2024-11-30 09:21:38 [DEBUG] Sourcing file: /home/skogix/.config/zsh.d/50-alias.zsh
2024-11-30 09:21:38 [DEBUG] Sourcing file: /home/skogix/.config/zsh.d/80-argc-completions.zsh
2024-11-30 09:21:38 [DEBUG] Sourcing file: /home/skogix/.config/zsh.d/90-example-prompt.zsh
2024-11-30 09:21:38 [DEBUG] Exporting variables from: /home/skogix/.config/zsh.d/00-skogai.env
2024-11-30 09:21:38 [DEBUG] Exporting variables from: /home/skogix/.config/zsh.d/01-path.env
2024-11-30 09:21:38 [DEBUG] Exporting variables from: /home/skogix/.config/zsh.d/81-argc-completions.env
2024-11-30 09:22:19 [DEBUG] Loading modules from directory: /home/skogix/.config/zsh.d
2024-11-30 09:22:19 [DEBUG] Sourcing file: /home/skogix/.config/zsh.d/02-path.zsh
2024-11-30 09:22:19 [DEBUG] Sourcing file: /home/skogix/.config/zsh.d/20-secrets.zsh
2024-11-30 09:22:19 [DEBUG] Sourcing file: /home/skogix/.config/zsh.d/40-sgpt.zsh
2024-11-30 09:22:19 [DEBUG] Sourcing file: /home/skogix/.config/zsh.d/50-alias.zsh
2024-11-30 09:22:19 [DEBUG] Sourcing file: /home/skogix/.config/zsh.d/80-argc-completions.zsh
2024-11-30 09:22:19 [DEBUG] Sourcing file: /home/skogix/.config/zsh.d/90-example-prompt.zsh
2024-11-30 09:22:19 [DEBUG] Exporting variables from: /home/skogix/.config/zsh.d/00-skogai.env
2024-11-30 09:22:19 [DEBUG] Exporting variables from: /home/skogix/.config/zsh.d/01-path.env
2024-11-30 09:22:19 [DEBUG] Exporting variables from: /home/skogix/.config/zsh.d/81-argc-completions.env
2024-11-30 09:22:52 [DEBUG] Loading modules from directory: /home/skogix/.config/zsh.d
2024-11-30 09:22:52 [DEBUG] Sourcing file: /home/skogix/.config/zsh.d/02-path.zsh
2024-11-30 09:22:52 [DEBUG] Sourcing file: /home/skogix/.config/zsh.d/20-secrets.zsh
2024-11-30 09:22:52 [DEBUG] Sourcing file: /home/skogix/.config/zsh.d/40-sgpt.zsh
2024-11-30 09:22:52 [DEBUG] Sourcing file: /home/skogix/.config/zsh.d/50-alias.zsh
2024-11-30 09:22:52 [DEBUG] Sourcing file: /home/skogix/.config/zsh.d/80-argc-completions.zsh
2024-11-30 09:22:52 [DEBUG] Sourcing file: /home/skogix/.config/zsh.d/90-example-prompt.zsh
2024-11-30 09:22:52 [DEBUG] Exporting variables from: /home/skogix/.config/zsh.d/00-skogai.env
2024-11-30 09:22:52 [DEBUG] Exporting variables from: /home/skogix/.config/zsh.d/01-path.env
2024-11-30 09:22:52 [DEBUG] Exporting variables from: /home/skogix/.config/zsh.d/81-argc-completions.env
2024-11-30 09:23:48 [DEBUG] Loading modules from directory: /home/skogix/.config/zsh.d
2024-11-30 09:23:48 [DEBUG] Sourcing file: /home/skogix/.config/zsh.d/02-path.zsh
2024-11-30 09:23:48 [DEBUG] Sourcing file: /home/skogix/.config/zsh.d/20-secrets.zsh
2024-11-30 09:23:48 [DEBUG] Sourcing file: /home/skogix/.config/zsh.d/40-sgpt.zsh
2024-11-30 09:23:48 [DEBUG] Sourcing file: /home/skogix/.config/zsh.d/50-alias.zsh
2024-11-30 09:23:48 [DEBUG] Sourcing file: /home/skogix/.config/zsh.d/80-argc-completions.zsh
2024-11-30 09:23:48 [DEBUG] Sourcing file: /home/skogix/.config/zsh.d/90-example-prompt.zsh
2024-11-30 09:23:48 [DEBUG] Exporting variables from: /home/skogix/.config/zsh.d/00-skogai.env
2024-11-30 09:23:48 [DEBUG] Exporting variables from: /home/skogix/.config/zsh.d/01-path.env
2024-11-30 09:23:48 [DEBUG] Exporting variables from: /home/skogix/.config/zsh.d/51-alias.env
2024-11-30 09:23:48 [DEBUG] Exporting variables from: /home/skogix/.config/zsh.d/81-argc-completions.env
2024-11-30 09:24:08 [DEBUG] Loading modules from directory: /home/skogix/.config/zsh.d
2024-11-30 09:24:08 [DEBUG] Sourcing file: /home/skogix/.config/zsh.d/02-path.zsh
2024-11-30 09:24:08 [DEBUG] Sourcing file: /home/skogix/.config/zsh.d/20-secrets.zsh
2024-11-30 09:24:08 [DEBUG] Sourcing file: /home/skogix/.config/zsh.d/40-sgpt.zsh
2024-11-30 09:24:08 [DEBUG] Sourcing file: /home/skogix/.config/zsh.d/50-alias.zsh
2024-11-30 09:24:08 [DEBUG] Sourcing file: /home/skogix/.config/zsh.d/80-argc-completions.zsh
2024-11-30 09:24:08 [DEBUG] Sourcing file: /home/skogix/.config/zsh.d/90-example-prompt.zsh
2024-11-30 09:24:08 [DEBUG] Exporting variables from: /home/skogix/.config/zsh.d/00-skogai.env
2024-11-30 09:24:08 [DEBUG] Exporting variables from: /home/skogix/.config/zsh.d/01-path.env
2024-11-30 09:24:08 [DEBUG] Exporting variables from: /home/skogix/.config/zsh.d/51-alias.env
2024-11-30 09:24:08 [DEBUG] Exporting variables from: /home/skogix/.config/zsh.d/81-argc-completions.env
2024-11-30 09:24:33 [DEBUG] Loading modules from directory: /home/skogix/.config/zsh.d
2024-11-30 09:24:33 [DEBUG] Sourcing file: /home/skogix/.config/zsh.d/02-path.zsh
2024-11-30 09:24:33 [DEBUG] Sourcing file: /home/skogix/.config/zsh.d/20-secrets.zsh
2024-11-30 09:24:33 [DEBUG] Sourcing file: /home/skogix/.config/zsh.d/40-sgpt.zsh
2024-11-30 09:24:33 [DEBUG] Sourcing file: /home/skogix/.config/zsh.d/50-alias.zsh
2024-11-30 09:24:33 [DEBUG] Sourcing file: /home/skogix/.config/zsh.d/80-argc-completions.zsh
2024-11-30 09:24:33 [DEBUG] Sourcing file: /home/skogix/.config/zsh.d/90-example-prompt.zsh
2024-11-30 09:24:33 [DEBUG] Exporting variables from: /home/skogix/.config/zsh.d/00-skogai.env
2024-11-30 09:24:33 [DEBUG] Exporting variables from: /home/skogix/.config/zsh.d/01-path.env
2024-11-30 09:24:33 [DEBUG] Exporting variables from: /home/skogix/.config/zsh.d/51-alias.env
2024-11-30 09:24:33 [DEBUG] Exporting variables from: /home/skogix/.config/zsh.d/81-argc-completions.env
2024-11-30 09:25:05 [DEBUG] Loading modules from directory: /home/skogix/.config/zsh.d
2024-11-30 09:25:05 [DEBUG] Sourcing file: /home/skogix/.config/zsh.d/02-path.zsh
2024-11-30 09:25:05 [DEBUG] Sourcing file: /home/skogix/.config/zsh.d/20-secrets.zsh
2024-11-30 09:25:05 [DEBUG] Sourcing file: /home/skogix/.config/zsh.d/40-sgpt.zsh
2024-11-30 09:25:05 [DEBUG] Sourcing file: /home/skogix/.config/zsh.d/80-argc-completions.zsh
2024-11-30 09:25:05 [DEBUG] Sourcing file: /home/skogix/.config/zsh.d/90-example-prompt.zsh
2024-11-30 09:25:05 [DEBUG] Exporting variables from: /home/skogix/.config/zsh.d/00-skogai.env
2024-11-30 09:25:05 [DEBUG] Exporting variables from: /home/skogix/.config/zsh.d/01-path.env
2024-11-30 09:25:05 [DEBUG] Exporting variables from: /home/skogix/.config/zsh.d/50-alias.env
2024-11-30 09:25:05 [DEBUG] Exporting variables from: /home/skogix/.config/zsh.d/81-argc-completions.env
2024-11-30 09:25:18 [DEBUG] Loading modules from directory: /home/skogix/.config/zsh.d
2024-11-30 09:25:18 [DEBUG] Sourcing file: /home/skogix/.config/zsh.d/02-path.zsh
2024-11-30 09:25:18 [DEBUG] Sourcing file: /home/skogix/.config/zsh.d/20-secrets.zsh
2024-11-30 09:25:18 [DEBUG] Sourcing file: /home/skogix/.config/zsh.d/40-sgpt.zsh
2024-11-30 09:25:18 [DEBUG] Sourcing file: /home/skogix/.config/zsh.d/80-argc-completions.zsh
2024-11-30 09:25:18 [DEBUG] Sourcing file: /home/skogix/.config/zsh.d/90-example-prompt.zsh
2024-11-30 09:25:18 [DEBUG] Exporting variables from: /home/skogix/.config/zsh.d/00-skogai.env
2024-11-30 09:25:18 [DEBUG] Exporting variables from: /home/skogix/.config/zsh.d/01-path.env
2024-11-30 09:25:18 [DEBUG] Exporting variables from: /home/skogix/.config/zsh.d/50-alias.env
2024-11-30 09:25:18 [DEBUG] Exporting variables from: /home/skogix/.config/zsh.d/81-argc-completions.env
2024-11-30 09:25:51 [DEBUG] Loading modules from directory: /home/skogix/.config/zsh.d
2024-11-30 09:25:51 [DEBUG] Sourcing file: /home/skogix/.config/zsh.d/02-path.zsh
2024-11-30 09:25:51 [DEBUG] Sourcing file: /home/skogix/.config/zsh.d/20-secrets.zsh
2024-11-30 09:25:51 [DEBUG] Sourcing file: /home/skogix/.config/zsh.d/40-sgpt.zsh
2024-11-30 09:25:51 [DEBUG] Sourcing file: /home/skogix/.config/zsh.d/80-argc-completions.zsh
2024-11-30 09:25:51 [DEBUG] Sourcing file: /home/skogix/.config/zsh.d/90-example-prompt.zsh
2024-11-30 09:25:51 [DEBUG] Exporting variables from: /home/skogix/.config/zsh.d/00-skogai.env
2024-11-30 09:25:51 [DEBUG] Exporting variables from: /home/skogix/.config/zsh.d/01-path.env
2024-11-30 09:25:51 [DEBUG] Exporting variables from: /home/skogix/.config/zsh.d/50-alias.env
2024-11-30 09:25:51 [DEBUG] Exporting variables from: /home/skogix/.config/zsh.d/81-argc-completions.env
2024-11-30 09:26:17 [DEBUG] Loading modules from directory: /home/skogix/.config/zsh.d
2024-11-30 09:26:17 [DEBUG] Sourcing file: /home/skogix/.config/zsh.d/02-path.zsh
2024-11-30 09:26:17 [DEBUG] Sourcing file: /home/skogix/.config/zsh.d/20-secrets.zsh
2024-11-30 09:26:17 [DEBUG] Sourcing file: /home/skogix/.config/zsh.d/40-sgpt.zsh
2024-11-30 09:26:17 [DEBUG] Sourcing file: /home/skogix/.config/zsh.d/80-argc-completions.zsh
2024-11-30 09:26:17 [DEBUG] Sourcing file: /home/skogix/.config/zsh.d/90-example-prompt.zsh
2024-11-30 09:26:17 [DEBUG] Exporting variables from: /home/skogix/.config/zsh.d/00-skogai.env
2024-11-30 09:26:17 [DEBUG] Exporting variables from: /home/skogix/.config/zsh.d/01-path.env
2024-11-30 09:26:17 [DEBUG] Exporting variables from: /home/skogix/.config/zsh.d/50-alias.env
2024-11-30 09:26:17 [DEBUG] Exporting variables from: /home/skogix/.config/zsh.d/81-argc-completions.env
